2024/09/16 08:33:18 [notice] 16#16: using the "epoll" event method
2024/09/16 08:33:18 [notice] 16#16: nginx/1.25.2
2024/09/16 08:33:18 [notice] 16#16: built by gcc 10.2.1 20210110 (Debian 10.2.1-6) 
2024/09/16 08:33:18 [notice] 16#16: OS: Linux 5.15.153.1-microsoft-standard-WSL2
2024/09/16 08:33:18 [notice] 16#16: getrlimit(RLIMIT_NOFILE): 1048576:1048576
2024/09/16 08:33:18 [notice] 16#16: start worker processes
2024/09/16 08:33:18 [notice] 16#16: start worker process 17
2024/09/16 08:33:18 [notice] 16#16: start worker process 18
2024/09/16 08:33:18 [notice] 16#16: start worker process 19
2024/09/16 08:33:18 [notice] 16#16: start worker process 20
2024/09/16 08:33:18 [notice] 16#16: start worker process 21
2024/09/16 08:33:18 [notice] 16#16: start worker process 22
2024/09/16 08:33:18 [notice] 16#16: start worker process 23
2024/09/16 08:33:18 [notice] 16#16: start worker process 24
2024/09/16 08:34:51 [notice] 16#16: using the "epoll" event method
2024/09/16 08:34:51 [notice] 16#16: nginx/1.25.2
2024/09/16 08:34:51 [notice] 16#16: built by gcc 10.2.1 20210110 (Debian 10.2.1-6) 
2024/09/16 08:34:51 [notice] 16#16: OS: Linux 5.15.153.1-microsoft-standard-WSL2
2024/09/16 08:34:51 [notice] 16#16: getrlimit(RLIMIT_NOFILE): 1048576:1048576
2024/09/16 08:34:51 [notice] 16#16: start worker processes
2024/09/16 08:34:51 [notice] 16#16: start worker process 17
2024/09/16 08:34:51 [notice] 16#16: start worker process 18
2024/09/16 08:34:51 [notice] 16#16: start worker process 19
2024/09/16 08:34:51 [notice] 16#16: start worker process 20
2024/09/16 08:34:51 [notice] 16#16: start worker process 21
2024/09/16 08:34:51 [notice] 16#16: start worker process 22
2024/09/16 08:34:51 [notice] 16#16: start worker process 23
2024/09/16 08:34:51 [notice] 16#16: start worker process 24
