[08-Aug-2024 04:54:24] NOTICE: fpm is running, pid 15
[08-Aug-2024 04:54:24] NOTICE: ready to handle connections
[08-Aug-2024 04:54:25] NOTICE: systemd monitor interval set to 10000ms
[08-Aug-2024 04:58:31] NOTICE: fpm is running, pid 15
[08-Aug-2024 04:58:31] NOTICE: ready to handle connections
[08-Aug-2024 04:58:31] NOTICE: systemd monitor interval set to 10000ms
[05-Sep-2024 06:39:55] NOTICE: fpm is running, pid 15
[05-Sep-2024 06:39:55] NOTICE: ready to handle connections
[05-Sep-2024 06:39:55] NOTICE: systemd monitor interval set to 10000ms
[05-Sep-2024 06:57:15] NOTICE: fpm is running, pid 15
[05-Sep-2024 06:57:15] NOTICE: ready to handle connections
[05-Sep-2024 06:57:15] NOTICE: systemd monitor interval set to 10000ms
[05-Sep-2024 07:02:44] NOTICE: fpm is running, pid 15
[05-Sep-2024 07:02:44] NOTICE: ready to handle connections
[05-Sep-2024 07:02:44] NOTICE: systemd monitor interval set to 10000ms
[05-Sep-2024 07:05:05] NOTICE: fpm is running, pid 15
[05-Sep-2024 07:05:05] NOTICE: ready to handle connections
[05-Sep-2024 07:05:05] NOTICE: systemd monitor interval set to 10000ms
[05-Sep-2024 07:09:12] NOTICE: fpm is running, pid 15
[05-Sep-2024 07:09:12] NOTICE: ready to handle connections
[05-Sep-2024 07:09:12] NOTICE: systemd monitor interval set to 10000ms
[05-Sep-2024 07:17:36] NOTICE: fpm is running, pid 15
[05-Sep-2024 07:17:36] NOTICE: ready to handle connections
[05-Sep-2024 07:17:36] NOTICE: systemd monitor interval set to 10000ms
[05-Sep-2024 07:23:10] NOTICE: fpm is running, pid 15
[05-Sep-2024 07:23:10] NOTICE: ready to handle connections
[05-Sep-2024 07:23:10] NOTICE: systemd monitor interval set to 10000ms
[05-Sep-2024 07:26:25] NOTICE: fpm is running, pid 15
[05-Sep-2024 07:26:25] NOTICE: ready to handle connections
[05-Sep-2024 07:26:25] NOTICE: systemd monitor interval set to 10000ms
[05-Sep-2024 07:29:01] NOTICE: fpm is running, pid 15
[05-Sep-2024 07:29:01] NOTICE: ready to handle connections
[05-Sep-2024 07:29:01] NOTICE: systemd monitor interval set to 10000ms
[05-Sep-2024 07:30:12] NOTICE: fpm is running, pid 15
[05-Sep-2024 07:30:12] NOTICE: ready to handle connections
[05-Sep-2024 07:30:12] NOTICE: systemd monitor interval set to 10000ms
[05-Sep-2024 07:32:16] NOTICE: fpm is running, pid 15
[05-Sep-2024 07:32:16] NOTICE: ready to handle connections
[05-Sep-2024 07:32:16] NOTICE: systemd monitor interval set to 10000ms
[05-Sep-2024 07:38:15] NOTICE: fpm is running, pid 15
[05-Sep-2024 07:38:15] NOTICE: ready to handle connections
[05-Sep-2024 07:38:15] NOTICE: systemd monitor interval set to 10000ms
[05-Sep-2024 08:01:40] NOTICE: fpm is running, pid 15
[05-Sep-2024 08:01:40] NOTICE: ready to handle connections
[05-Sep-2024 08:01:40] NOTICE: systemd monitor interval set to 10000ms
[05-Sep-2024 08:19:06] NOTICE: fpm is running, pid 15
[05-Sep-2024 08:19:06] NOTICE: ready to handle connections
[05-Sep-2024 08:19:06] NOTICE: systemd monitor interval set to 10000ms
[05-Sep-2024 08:23:09] NOTICE: fpm is running, pid 15
[05-Sep-2024 08:23:09] NOTICE: ready to handle connections
[05-Sep-2024 08:23:09] NOTICE: systemd monitor interval set to 10000ms
[05-Sep-2024 08:23:59] WARNING: [pool www] child 25 said into stderr: "ERROR: Unable to open primary script: /var/www/html/public/index.php (No such file or directory)"
[05-Sep-2024 08:24:05] WARNING: [pool www] child 26 said into stderr: "ERROR: Unable to open primary script: /var/www/html/public/index.php (No such file or directory)"
[05-Sep-2024 08:26:28] NOTICE: fpm is running, pid 15
[05-Sep-2024 08:26:28] NOTICE: ready to handle connections
[05-Sep-2024 08:26:28] NOTICE: systemd monitor interval set to 10000ms
[05-Sep-2024 08:35:58] NOTICE: fpm is running, pid 15
[05-Sep-2024 08:35:58] NOTICE: ready to handle connections
[05-Sep-2024 08:35:58] NOTICE: systemd monitor interval set to 10000ms
[05-Sep-2024 08:39:09] NOTICE: fpm is running, pid 15
[05-Sep-2024 08:39:09] NOTICE: ready to handle connections
[05-Sep-2024 08:39:09] NOTICE: systemd monitor interval set to 10000ms
[05-Sep-2024 08:43:12] NOTICE: fpm is running, pid 15
[05-Sep-2024 08:43:12] NOTICE: ready to handle connections
[05-Sep-2024 08:43:12] NOTICE: systemd monitor interval set to 10000ms
[05-Sep-2024 08:46:48] NOTICE: fpm is running, pid 15
[05-Sep-2024 08:46:48] NOTICE: ready to handle connections
[05-Sep-2024 08:46:48] NOTICE: systemd monitor interval set to 10000ms
[05-Sep-2024 08:50:11] NOTICE: fpm is running, pid 15
[05-Sep-2024 08:50:11] NOTICE: ready to handle connections
[05-Sep-2024 08:50:11] NOTICE: systemd monitor interval set to 10000ms
[05-Sep-2024 09:00:30] NOTICE: fpm is running, pid 15
[05-Sep-2024 09:00:30] NOTICE: ready to handle connections
[05-Sep-2024 09:00:30] NOTICE: systemd monitor interval set to 10000ms
[05-Sep-2024 09:05:55] NOTICE: fpm is running, pid 15
[05-Sep-2024 09:05:55] NOTICE: ready to handle connections
[05-Sep-2024 09:05:55] NOTICE: systemd monitor interval set to 10000ms
[16-Sep-2024 08:33:18] NOTICE: fpm is running, pid 15
[16-Sep-2024 08:33:18] NOTICE: ready to handle connections
[16-Sep-2024 08:33:18] NOTICE: systemd monitor interval set to 10000ms
[16-Sep-2024 08:34:51] NOTICE: fpm is running, pid 15
[16-Sep-2024 08:34:51] NOTICE: ready to handle connections
[16-Sep-2024 08:34:51] NOTICE: systemd monitor interval set to 10000ms
